TN:
SF:index.js
FNF:0
FNH:0
DA:1,1
DA:2,1
DA:3,1
DA:4,1
DA:5,1
DA:6,1
DA:7,1
DA:8,1
DA:9,1
DA:10,1
DA:11,1
DA:12,1
DA:13,1
DA:14,1
DA:15,1
DA:16,1
DA:17,1
DA:18,1
DA:19,1
DA:20,1
DA:21,1
DA:22,1
DA:23,1
DA:24,1
DA:25,1
DA:26,1
DA:27,1
DA:28,1
DA:29,1
DA:30,1
DA:31,1
DA:32,1
DA:33,1
DA:34,1
DA:35,1
DA:36,1
DA:37,1
DA:38,1
DA:39,1
DA:40,1
DA:41,1
DA:42,1
DA:43,1
DA:44,1
DA:45,1
DA:46,1
DA:47,1
DA:48,1
DA:49,1
DA:50,1
DA:51,1
DA:52,1
DA:53,1
DA:54,1
DA:55,1
DA:56,1
DA:57,1
DA:58,1
DA:59,1
DA:60,1
DA:61,1
DA:62,1
DA:63,1
DA:64,1
DA:65,1
DA:66,1
DA:67,1
DA:68,1
DA:69,1
DA:70,1
LF:70
LH:70
BRDA:1,0,0,1
BRDA:66,1,0,1
BRF:2
BRH:2
end_of_record
TN:
SF:configs\cloudinary.config.js
FNF:0
FNH:0
DA:1,1
DA:2,1
DA:3,1
DA:4,1
DA:5,1
DA:6,1
DA:7,1
DA:8,1
DA:9,1
DA:10,1
DA:11,1
DA:12,1
LF:12
LH:12
BRDA:1,0,0,1
BRF:1
BRH:1
end_of_record
TN:
SF:configs\db.config.js
FNF:0
FNH:0
DA:1,1
DA:2,1
DA:3,1
DA:4,1
DA:5,1
DA:6,1
DA:7,1
DA:8,1
DA:9,1
DA:10,1
DA:11,1
DA:12,1
DA:13,1
DA:14,1
DA:15,1
DA:16,1
DA:17,1
LF:17
LH:17
BRDA:1,0,0,1
BRDA:13,1,0,1
BRF:2
BRH:2
end_of_record
TN:
SF:controllers\BlogControllers.js
FN:5,GetAllBlogs
FN:12,GetOneBlog
FN:24,CreateBlog
FN:46,UpdateBlog
FN:70,DeleteBlog
FNF:5
FNH:5
FNDA:2,GetAllBlogs
FNDA:2,GetOneBlog
FNDA:11,CreateBlog
FNDA:3,UpdateBlog
FNDA:1,DeleteBlog
DA:1,1
DA:2,1
DA:3,1
DA:4,1
DA:5,1
DA:6,2
DA:7,2
DA:8,2
DA:9,2
DA:10,1
DA:11,1
DA:12,1
DA:13,2
DA:14,2
DA:15,2
DA:16,2
DA:17,2
DA:18,1
DA:19,1
DA:20,1
DA:21,2
DA:22,1
DA:23,1
DA:24,1
DA:25,11
DA:26,11
DA:27,11
DA:28,11
DA:29,11
DA:30,11
DA:31,11
DA:32,11
DA:33,11
DA:34,11
DA:35,11
DA:36,11
DA:37,11
DA:38,11
DA:39,11
DA:40,11
DA:41,11
DA:42,11
DA:43,11
DA:44,11
DA:45,1
DA:46,1
DA:47,3
DA:48,3
DA:49,3
DA:50,3
DA:51,3
DA:52,2
DA:53,2
DA:54,2
DA:55,2
DA:56,2
DA:57,1
DA:58,1
DA:59,2
DA:60,2
DA:61,2
DA:62,2
DA:63,2
DA:64,2
DA:65,3
DA:66,1
DA:67,1
DA:68,3
DA:69,1
DA:70,1
DA:71,1
DA:72,1
DA:73,1
DA:74,1
DA:75,1
DA:76,1
LF:76
LH:76
BRDA:1,0,0,1
BRDA:5,1,0,2
BRDA:9,2,0,0
BRDA:12,3,0,2
BRDA:17,4,0,1
BRDA:21,5,0,0
BRDA:24,6,0,11
BRDA:44,7,0,0
BRDA:46,8,0,3
BRDA:51,9,0,2
BRDA:52,10,0,1
BRDA:53,11,0,1
BRDA:54,12,0,1
BRDA:56,13,0,1
BRDA:59,14,0,1
BRDA:65,15,0,1
BRDA:68,16,0,0
BRDA:70,17,0,1
BRDA:74,18,0,0
BRF:19
BRH:14
end_of_record
TN:
SF:controllers\CommentControllers.js
FN:4,GetAllComments
FN:40,CreateComment
FNF:2
FNH:2
FNDA:1,GetAllComments
FNDA:2,CreateComment
DA:1,1
DA:2,1
DA:3,1
DA:4,1
DA:5,1
DA:6,1
DA:7,1
DA:8,1
DA:9,1
DA:10,1
DA:11,1
DA:12,1
DA:13,0
DA:14,0
DA:15,0
DA:16,0
DA:17,0
DA:18,1
DA:19,1
DA:20,1
DA:21,1
DA:22,1
DA:23,1
DA:24,1
DA:25,1
DA:26,1
DA:27,1
DA:28,1
DA:29,1
DA:30,1
DA:31,1
DA:32,1
DA:33,1
DA:34,1
DA:35,1
DA:36,1
DA:37,1
DA:38,1
DA:39,1
DA:40,1
DA:41,2
DA:42,2
DA:43,2
DA:44,2
DA:45,2
DA:46,2
DA:47,2
DA:48,2
DA:49,2
DA:50,2
DA:51,2
DA:52,2
DA:53,2
DA:54,2
DA:55,2
DA:56,2
DA:57,2
DA:58,2
DA:59,2
DA:60,2
DA:61,0
DA:62,0
DA:63,0
DA:64,0
DA:65,0
DA:66,1
DA:67,1
DA:68,1
DA:69,1
DA:70,1
DA:71,1
DA:72,1
DA:73,1
DA:74,1
DA:75,1
DA:76,1
DA:77,1
DA:78,1
DA:79,1
DA:80,1
DA:81,1
DA:82,1
DA:83,1
DA:84,1
DA:85,1
DA:86,1
DA:87,1
DA:88,1
DA:89,1
DA:90,1
DA:91,1
DA:92,1
DA:93,1
DA:94,1
DA:95,1
DA:96,1
DA:97,1
DA:98,1
DA:99,1
DA:100,1
DA:101,1
DA:102,1
DA:103,1
DA:104,1
DA:105,1
DA:106,1
DA:107,1
DA:108,1
DA:109,1
DA:110,1
DA:111,1
DA:112,1
DA:113,1
DA:114,1
DA:115,1
LF:115
LH:105
BRDA:1,0,0,1
BRDA:4,1,0,1
BRDA:12,2,0,0
BRDA:40,3,0,2
BRDA:60,4,0,0
BRF:5
BRH:3
end_of_record
TN:
SF:controllers\LikeControllers.js
FN:4,GetAllLikes
FN:20,getOneLike
FN:37,LikeAndUnlike
FNF:3
FNH:3
FNDA:1,GetAllLikes
FNDA:1,getOneLike
FNDA:4,LikeAndUnlike
DA:1,1
DA:2,1
DA:3,1
DA:4,1
DA:5,1
DA:6,1
DA:7,1
DA:8,1
DA:9,1
DA:10,1
DA:11,1
DA:12,1
DA:13,0
DA:14,0
DA:15,0
DA:16,0
DA:17,0
DA:18,1
DA:19,1
DA:20,1
DA:21,1
DA:22,1
DA:23,1
DA:24,1
DA:25,1
DA:26,1
DA:27,1
DA:28,1
DA:29,1
DA:30,0
DA:31,0
DA:32,0
DA:33,0
DA:34,0
DA:35,1
DA:36,1
DA:37,1
DA:38,4
DA:39,4
DA:40,4
DA:41,4
DA:42,4
DA:43,4
DA:44,4
DA:45,4
DA:46,0
DA:47,0
DA:48,0
DA:49,0
DA:50,0
DA:51,1
DA:52,1
DA:53,1
DA:54,1
DA:55,1
DA:56,1
DA:57,1
DA:58,1
DA:59,1
DA:60,1
DA:61,1
DA:62,1
DA:63,1
DA:64,1
DA:65,1
DA:66,1
DA:67,1
DA:68,1
DA:69,1
DA:70,1
DA:71,1
DA:72,1
DA:73,1
LF:73
LH:58
BRDA:1,0,0,1
BRDA:4,1,0,1
BRDA:12,2,0,0
BRDA:20,3,0,1
BRDA:29,4,0,0
BRDA:37,5,0,4
BRDA:45,6,0,0
BRF:7
BRH:4
end_of_record
TN:
SF:controllers\QueryController.js
FN:3,GetAllQueries
FN:15,CreateQuery
FNF:2
FNH:1
FNDA:0,GetAllQueries
FNDA:1,CreateQuery
DA:1,1
DA:2,1
DA:3,1
DA:4,0
DA:5,0
DA:6,0
DA:7,0
DA:8,0
DA:9,0
DA:10,0
DA:11,0
DA:12,0
DA:13,1
DA:14,1
DA:15,1
DA:16,1
DA:17,1
DA:18,1
DA:19,1
DA:20,1
DA:21,1
DA:22,1
DA:23,1
DA:24,1
DA:25,1
DA:26,1
DA:27,1
DA:28,1
DA:29,1
DA:30,1
DA:31,0
DA:32,0
DA:33,0
DA:34,0
DA:35,0
DA:36,1
DA:37,1
DA:38,1
LF:38
LH:24
BRDA:1,0,0,1
BRDA:15,1,0,1
BRDA:30,2,0,0
BRF:3
BRH:2
end_of_record
TN:
SF:controllers\UserControllers.js
FN:15,SignUp
FN:55,getAllusers
FN:78,UserLogin
FNF:3
FNH:3
FNDA:4,SignUp
FNDA:1,getAllusers
FNDA:17,UserLogin
DA:1,1
DA:2,1
DA:3,1
DA:4,1
DA:5,1
DA:6,1
DA:7,1
DA:8,1
DA:9,1
DA:10,1
DA:11,1
DA:12,1
DA:13,1
DA:14,1
DA:15,1
DA:16,4
DA:17,4
DA:18,4
DA:19,4
DA:20,1
DA:21,1
DA:22,4
DA:23,4
DA:24,4
DA:25,1
DA:26,1
DA:27,1
DA:28,1
DA:29,3
DA:30,3
DA:31,3
DA:32,3
DA:33,3
DA:34,3
DA:35,3
DA:36,3
DA:37,3
DA:38,3
DA:39,3
DA:40,3
DA:41,3
DA:42,3
DA:43,3
DA:44,3
DA:45,3
DA:46,3
DA:47,4
DA:48,0
DA:49,0
DA:50,0
DA:51,0
DA:52,0
DA:53,1
DA:54,1
DA:55,1
DA:56,1
DA:57,1
DA:58,1
DA:59,1
DA:60,0
DA:61,0
DA:62,0
DA:63,0
DA:64,0
DA:65,1
DA:66,1
DA:67,1
DA:68,1
DA:69,1
DA:70,1
DA:71,1
DA:72,1
DA:73,1
DA:74,1
DA:75,1
DA:76,1
DA:77,1
DA:78,1
DA:79,17
DA:80,17
DA:81,17
DA:82,17
DA:83,17
DA:84,0
DA:85,0
DA:86,17
DA:87,17
DA:88,17
DA:89,17
DA:90,17
DA:91,17
DA:92,17
DA:93,17
DA:94,17
DA:95,17
DA:96,0
DA:97,0
DA:98,0
DA:99,0
DA:100,0
DA:101,1
DA:102,1
DA:103,1
DA:104,1
DA:105,1
DA:106,1
DA:107,1
DA:108,1
LF:108
LH:91
BRDA:1,0,0,1
BRDA:15,1,0,4
BRDA:19,2,0,1
BRDA:24,3,0,1
BRDA:29,4,0,3
BRDA:47,5,0,0
BRDA:55,6,0,1
BRDA:59,7,0,0
BRDA:78,8,0,17
BRDA:83,9,0,0
BRDA:95,10,0,0
BRF:11
BRH:7
end_of_record
TN:
SF:middlewares\blog.middlewear.js
FN:3,validatePostId
FNF:1
FNH:1
FNDA:6,validatePostId
DA:1,1
DA:2,1
DA:3,1
DA:4,6
DA:5,6
DA:6,6
DA:7,6
DA:8,0
DA:9,0
DA:10,6
DA:11,6
DA:12,6
DA:13,6
DA:14,1
DA:15,1
LF:15
LH:13
BRDA:1,0,0,1
BRDA:3,1,0,6
BRDA:7,2,0,0
BRF:3
BRH:2
end_of_record
TN:
SF:middlewares\image.middlewear.js
FN:4,imageUpload
FNF:1
FNH:1
FNDA:15,imageUpload
DA:1,1
DA:2,1
DA:3,1
DA:4,1
DA:5,15
DA:6,15
DA:7,15
DA:8,13
DA:9,13
DA:10,13
DA:11,13
DA:12,15
DA:13,15
DA:14,0
DA:15,0
DA:16,1
DA:17,1
DA:18,1
LF:18
LH:16
BRDA:1,0,0,1
BRDA:4,1,0,15
BRDA:7,2,0,13
BRDA:13,3,0,0
BRF:4
BRH:3
end_of_record
TN:
SF:middlewares\multer.middlewear.js
FNF:0
FNH:0
DA:1,1
DA:2,1
DA:3,1
DA:4,1
DA:5,1
DA:6,1
DA:7,1
DA:8,1
DA:9,1
DA:10,1
DA:11,1
DA:12,1
DA:13,1
DA:14,1
DA:15,1
DA:16,1
DA:17,1
DA:18,1
LF:18
LH:18
BRDA:1,0,0,1
BRF:1
BRH:1
end_of_record
TN:
SF:middlewares\user.middlewear.js
FN:32,userEngagingLoggedIn
FN:47,isAdminLoggedIn
FNF:2
FNH:2
FNDA:7,userEngagingLoggedIn
FNDA:19,isAdminLoggedIn
DA:1,1
DA:2,1
DA:3,1
DA:4,1
DA:5,1
DA:6,1
DA:7,1
DA:8,1
DA:9,1
DA:10,1
DA:11,1
DA:12,1
DA:13,1
DA:14,1
DA:15,1
DA:16,1
DA:17,1
DA:18,1
DA:19,1
DA:20,1
DA:21,1
DA:22,1
DA:23,1
DA:24,1
DA:25,1
DA:26,1
DA:27,1
DA:28,1
DA:29,1
DA:30,1
DA:31,1
DA:32,1
DA:33,7
DA:34,7
DA:35,0
DA:36,0
DA:37,0
DA:38,0
DA:39,7
DA:40,7
DA:41,7
DA:42,7
DA:43,7
DA:44,7
DA:45,1
DA:46,1
DA:47,1
DA:48,19
DA:49,19
DA:50,1
DA:51,1
DA:52,1
DA:53,1
DA:54,18
DA:55,18
DA:56,18
DA:57,18
DA:58,18
DA:59,19
DA:60,2
DA:61,2
DA:62,2
DA:63,2
DA:64,16
DA:65,1
DA:66,1
DA:67,1
DA:68,1
DA:69,1
DA:70,1
DA:71,1
LF:71
LH:67
BRDA:1,0,0,1
BRDA:32,1,0,7
BRDA:34,2,0,0
BRDA:47,3,0,19
BRDA:49,4,0,1
BRDA:54,5,0,18
BRDA:59,6,0,2
BRDA:64,7,0,16
BRF:8
BRH:7
end_of_record
TN:
SF:models\Blog.js
FNF:0
FNH:0
DA:1,1
DA:2,1
DA:3,1
DA:4,1
DA:5,1
DA:6,1
DA:7,1
DA:8,1
DA:9,1
DA:10,1
DA:11,1
DA:12,1
DA:13,1
DA:14,1
DA:15,1
DA:16,1
DA:17,1
DA:18,1
DA:19,1
DA:20,1
DA:21,1
DA:22,1
DA:23,1
DA:24,1
DA:25,1
DA:26,1
DA:27,1
DA:28,1
DA:29,1
DA:30,1
DA:31,1
DA:32,1
DA:33,1
DA:34,1
DA:35,1
DA:36,1
DA:37,1
DA:38,1
DA:39,1
DA:40,1
DA:41,1
DA:42,1
DA:43,1
DA:44,1
DA:45,1
DA:46,1
LF:46
LH:46
BRDA:1,0,0,1
BRF:1
BRH:1
end_of_record
TN:
SF:models\Comment.js
FNF:0
FNH:0
DA:1,1
DA:2,1
DA:3,1
DA:4,1
DA:5,1
DA:6,1
DA:7,1
DA:8,1
DA:9,1
DA:10,1
DA:11,1
DA:12,1
DA:13,1
DA:14,1
DA:15,1
DA:16,1
DA:17,1
DA:18,1
DA:19,1
DA:20,1
DA:21,1
DA:22,1
DA:23,1
DA:24,1
DA:25,1
LF:25
LH:25
BRDA:1,0,0,1
BRF:1
BRH:1
end_of_record
TN:
SF:models\Like.js
FNF:0
FNH:0
DA:1,1
DA:2,1
DA:3,1
DA:4,1
DA:5,1
DA:6,1
DA:7,1
DA:8,1
DA:9,1
DA:10,1
DA:11,1
DA:12,1
DA:13,1
DA:14,1
DA:15,1
DA:16,1
DA:17,1
DA:18,1
DA:19,1
DA:20,1
DA:21,1
LF:21
LH:21
BRDA:1,0,0,1
BRF:1
BRH:1
end_of_record
TN:
SF:models\Query.js
FNF:0
FNH:0
DA:1,1
DA:2,1
DA:3,1
DA:4,1
DA:5,1
DA:6,1
DA:7,1
DA:8,1
DA:9,1
DA:10,1
DA:11,1
DA:12,1
DA:13,1
DA:14,1
DA:15,1
DA:16,1
DA:17,1
DA:18,1
DA:19,1
DA:20,1
DA:21,1
DA:22,1
DA:23,1
DA:24,1
LF:24
LH:24
BRDA:1,0,0,1
BRF:1
BRH:1
end_of_record
TN:
SF:models\User.js
FNF:0
FNH:0
DA:1,1
DA:2,1
DA:3,1
DA:4,1
DA:5,1
DA:6,1
DA:7,1
DA:8,1
DA:9,1
DA:10,1
DA:11,1
DA:12,1
DA:13,1
DA:14,1
DA:15,1
DA:16,1
DA:17,1
DA:18,1
DA:19,1
DA:20,1
DA:21,1
DA:22,1
DA:23,1
DA:24,1
DA:25,1
DA:26,1
DA:27,1
DA:28,1
DA:29,1
LF:29
LH:29
BRDA:1,0,0,1
BRF:1
BRH:1
end_of_record
TN:
SF:routes\routes.js
FNF:0
FNH:0
DA:1,1
DA:2,1
DA:3,1
DA:4,1
DA:5,1
DA:6,1
DA:7,1
DA:8,1
DA:9,1
DA:10,1
DA:11,1
DA:12,1
DA:13,1
DA:14,1
DA:15,1
DA:16,1
DA:17,1
DA:18,1
DA:19,1
DA:20,1
LF:20
LH:20
BRDA:1,0,0,1
BRF:1
BRH:1
end_of_record
TN:
SF:routes\api\blogs.js
FNF:0
FNH:0
DA:1,1
DA:2,1
DA:3,1
DA:4,1
DA:5,1
DA:6,1
DA:7,1
DA:8,1
DA:9,1
DA:10,1
DA:11,1
DA:12,1
DA:13,1
DA:14,1
DA:15,1
DA:16,1
DA:17,1
DA:18,1
DA:19,1
DA:20,1
DA:21,1
DA:22,1
DA:23,1
DA:24,1
DA:25,1
DA:26,1
DA:27,1
DA:28,1
DA:29,1
DA:30,1
DA:31,1
DA:32,1
DA:33,1
DA:34,1
DA:35,1
DA:36,1
DA:37,1
DA:38,1
DA:39,1
DA:40,1
DA:41,1
DA:42,1
DA:43,1
DA:44,1
DA:45,1
DA:46,1
DA:47,1
DA:48,1
DA:49,1
DA:50,1
DA:51,1
DA:52,1
DA:53,1
DA:54,1
DA:55,1
DA:56,1
DA:57,1
DA:58,1
DA:59,1
DA:60,1
DA:61,1
DA:62,1
DA:63,1
DA:64,1
DA:65,1
DA:66,1
DA:67,1
DA:68,1
DA:69,1
DA:70,1
DA:71,1
DA:72,1
DA:73,1
DA:74,1
DA:75,1
DA:76,1
DA:77,1
DA:78,1
DA:79,1
DA:80,1
DA:81,1
DA:82,1
DA:83,1
DA:84,1
DA:85,1
DA:86,1
DA:87,1
DA:88,1
DA:89,1
DA:90,1
DA:91,1
DA:92,1
DA:93,1
DA:94,1
DA:95,1
DA:96,1
DA:97,1
DA:98,1
DA:99,1
DA:100,1
DA:101,1
DA:102,1
DA:103,1
DA:104,1
DA:105,1
DA:106,1
DA:107,1
DA:108,1
DA:109,1
DA:110,1
DA:111,1
DA:112,1
DA:113,1
DA:114,1
DA:115,1
DA:116,1
DA:117,1
DA:118,1
DA:119,1
DA:120,1
DA:121,1
DA:122,1
DA:123,1
DA:124,1
DA:125,1
DA:126,1
DA:127,1
DA:128,1
DA:129,1
DA:130,1
DA:131,1
DA:132,1
DA:133,1
DA:134,1
DA:135,1
DA:136,1
DA:137,1
DA:138,1
DA:139,1
DA:140,1
DA:141,1
DA:142,1
DA:143,1
DA:144,1
DA:145,1
DA:146,1
DA:147,1
DA:148,1
DA:149,1
DA:150,1
DA:151,1
DA:152,1
DA:153,1
DA:154,1
DA:155,1
DA:156,1
DA:157,1
DA:158,1
DA:159,1
DA:160,1
DA:161,1
DA:162,1
DA:163,1
DA:164,1
DA:165,1
DA:166,1
DA:167,1
DA:168,1
DA:169,1
DA:170,1
DA:171,1
DA:172,1
DA:173,1
DA:174,1
DA:175,1
DA:176,1
DA:177,1
DA:178,1
DA:179,1
DA:180,1
DA:181,1
DA:182,1
DA:183,1
DA:184,1
DA:185,1
DA:186,1
DA:187,1
DA:188,1
DA:189,1
DA:190,1
DA:191,1
DA:192,1
DA:193,1
DA:194,1
LF:194
LH:194
BRDA:1,0,0,1
BRF:1
BRH:1
end_of_record
TN:
SF:routes\api\comments.js
FNF:0
FNH:0
DA:1,1
DA:2,1
DA:3,1
DA:4,1
DA:5,1
DA:6,1
DA:7,1
DA:8,1
DA:9,1
DA:10,1
DA:11,1
DA:12,1
DA:13,1
DA:14,1
DA:15,1
DA:16,1
DA:17,1
DA:18,1
DA:19,1
DA:20,1
DA:21,1
DA:22,1
DA:23,1
DA:24,1
DA:25,1
DA:26,1
DA:27,1
DA:28,1
DA:29,1
DA:30,1
DA:31,1
DA:32,1
DA:33,1
DA:34,1
DA:35,1
DA:36,1
DA:37,1
DA:38,1
DA:39,1
DA:40,1
DA:41,1
DA:42,1
DA:43,1
DA:44,1
DA:45,1
DA:46,1
DA:47,1
DA:48,1
DA:49,1
DA:50,1
DA:51,1
DA:52,1
DA:53,1
DA:54,1
DA:55,1
DA:56,1
DA:57,1
DA:58,1
DA:59,1
DA:60,1
DA:61,1
DA:62,1
DA:63,1
DA:64,1
DA:65,1
DA:66,1
DA:67,1
DA:68,1
DA:69,1
DA:70,1
DA:71,1
DA:72,1
DA:73,1
DA:74,1
DA:75,1
DA:76,1
DA:77,1
DA:78,1
DA:79,1
DA:80,1
DA:81,1
DA:82,1
DA:83,1
DA:84,1
DA:85,1
DA:86,1
DA:87,1
DA:88,1
DA:89,1
DA:90,1
DA:91,1
DA:92,1
DA:93,1
DA:94,1
DA:95,1
DA:96,1
DA:97,1
DA:98,1
DA:99,1
DA:100,1
DA:101,1
DA:102,1
DA:103,1
DA:104,1
DA:105,1
DA:106,1
DA:107,1
DA:108,1
DA:109,1
DA:110,1
DA:111,1
LF:111
LH:111
BRDA:1,0,0,1
BRF:1
BRH:1
end_of_record
TN:
SF:routes\api\like.js
FNF:0
FNH:0
DA:1,1
DA:2,1
DA:3,1
DA:4,1
DA:5,1
DA:6,1
DA:7,1
DA:8,1
DA:9,1
DA:10,1
DA:11,1
LF:11
LH:11
BRDA:1,0,0,1
BRF:1
BRH:1
end_of_record
TN:
SF:routes\api\likes.js
FNF:0
FNH:0
DA:1,1
DA:2,1
DA:3,1
DA:4,1
DA:5,1
DA:6,1
DA:7,1
DA:8,1
DA:9,1
DA:10,1
DA:11,1
DA:12,1
DA:13,1
DA:14,1
DA:15,1
DA:16,1
DA:17,1
DA:18,1
DA:19,1
DA:20,1
DA:21,1
DA:22,1
DA:23,1
DA:24,1
DA:25,1
DA:26,1
DA:27,1
DA:28,1
DA:29,1
DA:30,1
DA:31,1
DA:32,1
DA:33,1
DA:34,1
DA:35,1
DA:36,1
DA:37,1
DA:38,1
DA:39,1
DA:40,1
DA:41,1
DA:42,1
DA:43,1
DA:44,1
DA:45,1
DA:46,1
DA:47,1
DA:48,1
DA:49,1
DA:50,1
DA:51,1
DA:52,1
DA:53,1
DA:54,1
DA:55,1
DA:56,1
DA:57,1
DA:58,1
DA:59,1
DA:60,1
DA:61,1
DA:62,1
DA:63,1
DA:64,1
DA:65,1
DA:66,1
DA:67,1
DA:68,1
DA:69,1
DA:70,1
DA:71,1
DA:72,1
DA:73,1
DA:74,1
DA:75,1
DA:76,1
DA:77,1
DA:78,1
DA:79,1
DA:80,1
DA:81,1
DA:82,1
DA:83,1
DA:84,1
DA:85,1
DA:86,1
DA:87,1
DA:88,1
DA:89,1
DA:90,1
DA:91,1
DA:92,1
DA:93,1
DA:94,1
DA:95,1
DA:96,1
DA:97,1
DA:98,1
DA:99,1
DA:100,1
DA:101,1
DA:102,1
DA:103,1
DA:104,1
DA:105,1
DA:106,1
DA:107,1
DA:108,1
DA:109,1
DA:110,1
DA:111,1
DA:112,1
DA:113,1
DA:114,1
DA:115,1
DA:116,1
DA:117,1
DA:118,1
DA:119,1
DA:120,1
LF:120
LH:120
BRDA:1,0,0,1
BRF:1
BRH:1
end_of_record
TN:
SF:routes\api\query.js
FNF:0
FNH:0
DA:1,1
DA:2,1
DA:3,1
DA:4,1
DA:5,1
DA:6,1
DA:7,1
DA:8,1
DA:9,1
DA:10,1
DA:11,1
DA:12,1
DA:13,1
DA:14,1
DA:15,1
DA:16,1
DA:17,1
DA:18,1
DA:19,1
DA:20,1
DA:21,1
DA:22,1
DA:23,1
DA:24,1
DA:25,1
DA:26,1
DA:27,1
DA:28,1
DA:29,1
DA:30,1
DA:31,1
DA:32,1
DA:33,1
DA:34,1
DA:35,1
DA:36,1
DA:37,1
DA:38,1
DA:39,1
DA:40,1
DA:41,1
DA:42,1
DA:43,1
DA:44,1
DA:45,1
DA:46,1
DA:47,1
DA:48,1
DA:49,1
DA:50,1
DA:51,1
DA:52,1
DA:53,1
DA:54,1
DA:55,1
DA:56,1
DA:57,1
DA:58,1
DA:59,1
DA:60,1
DA:61,1
DA:62,1
DA:63,1
DA:64,1
DA:65,1
DA:66,1
DA:67,1
DA:68,1
DA:69,1
DA:70,1
DA:71,1
DA:72,1
DA:73,1
DA:74,1
DA:75,1
DA:76,1
DA:77,1
DA:78,1
DA:79,1
DA:80,1
DA:81,1
DA:82,1
DA:83,1
DA:84,1
DA:85,1
DA:86,1
DA:87,1
LF:87
LH:87
BRDA:1,0,0,1
BRF:1
BRH:1
end_of_record
TN:
SF:routes\api\users.js
FNF:0
FNH:0
DA:1,1
DA:2,1
DA:3,1
DA:4,1
DA:5,1
DA:6,1
DA:7,1
DA:8,1
DA:9,1
DA:10,1
DA:11,1
DA:12,1
DA:13,1
DA:14,1
DA:15,1
DA:16,1
DA:17,1
DA:18,1
DA:19,1
DA:20,1
DA:21,1
DA:22,1
DA:23,1
DA:24,1
DA:25,1
DA:26,1
DA:27,1
DA:28,1
DA:29,1
DA:30,1
DA:31,1
DA:32,1
DA:33,1
DA:34,1
DA:35,1
DA:36,1
DA:37,1
DA:38,1
DA:39,1
DA:40,1
DA:41,1
DA:42,1
DA:43,1
DA:44,1
DA:45,1
DA:46,1
DA:47,1
DA:48,1
DA:49,1
DA:50,1
DA:51,1
DA:52,1
DA:53,1
DA:54,1
DA:55,1
DA:56,1
DA:57,1
DA:58,1
DA:59,1
DA:60,1
DA:61,1
DA:62,1
DA:63,1
DA:64,1
DA:65,1
DA:66,1
DA:67,1
DA:68,1
DA:69,1
DA:70,1
DA:71,1
DA:72,1
DA:73,1
DA:74,1
DA:75,1
DA:76,1
DA:77,1
DA:78,1
DA:79,1
DA:80,1
DA:81,1
DA:82,1
DA:83,1
DA:84,1
DA:85,1
DA:86,1
DA:87,1
DA:88,1
DA:89,1
DA:90,1
DA:91,1
DA:92,1
DA:93,1
DA:94,1
DA:95,1
DA:96,1
DA:97,1
DA:98,1
DA:99,1
DA:100,1
DA:101,1
DA:102,1
DA:103,1
DA:104,1
DA:105,1
DA:106,1
DA:107,1
DA:108,1
DA:109,1
DA:110,1
LF:110
LH:110
BRDA:1,0,0,1
BRF:1
BRH:1
end_of_record
TN:
SF:services\blog.service.js
FN:4,<static_initializer>
FN:4,createBlog
FN:9,findbyId
FN:13,findAll
FN:17,deleteOne
FNF:5
FNH:5
FNDA:1,<static_initializer>
FNDA:11,createBlog
FNDA:11,findbyId
FNDA:2,findAll
FNDA:1,deleteOne
DA:1,1
DA:2,1
DA:3,1
DA:4,1
DA:5,11
DA:6,11
DA:7,11
DA:8,1
DA:9,1
DA:10,11
DA:11,11
DA:12,1
DA:13,1
DA:14,2
DA:15,2
DA:16,1
DA:17,1
DA:18,1
DA:19,1
DA:20,1
DA:21,1
DA:22,1
DA:23,1
LF:23
LH:23
BRDA:1,0,0,1
BRDA:4,1,0,1
BRDA:4,2,0,11
BRDA:9,3,0,11
BRDA:13,4,0,2
BRDA:17,5,0,1
BRF:6
BRH:6
end_of_record
TN:
SF:services\like.service.js
FN:4,LikeService
FNF:1
FNH:1
FNDA:4,LikeService
DA:1,1
DA:2,1
DA:3,1
DA:4,1
DA:5,4
DA:6,4
DA:7,1
DA:8,1
DA:9,1
DA:10,4
DA:11,3
DA:12,3
DA:13,3
DA:14,3
DA:15,3
DA:16,3
DA:17,3
DA:18,3
DA:19,3
DA:20,3
DA:21,1
DA:22,1
DA:23,1
LF:23
LH:23
BRDA:1,0,0,1
BRDA:4,1,0,4
BRDA:6,2,0,1
BRDA:10,3,0,3
BRF:4
BRH:4
end_of_record
TN:
SF:services\query.service.js
FN:4,<static_initializer>
FN:4,createQuery
FN:9,findAll
FNF:3
FNH:2
FNDA:1,<static_initializer>
FNDA:1,createQuery
FNDA:0,findAll
DA:1,1
DA:2,1
DA:3,1
DA:4,1
DA:5,1
DA:6,1
DA:7,1
DA:8,1
DA:9,1
DA:10,0
DA:11,0
DA:12,1
DA:13,1
DA:14,1
LF:14
LH:12
BRDA:1,0,0,1
BRDA:4,1,0,1
BRDA:4,2,0,1
BRF:3
BRH:3
end_of_record
TN:
SF:services\user.service.js
FN:4,createUser
FN:10,userExist
FNF:2
FNH:2
FNDA:3,createUser
FNDA:46,userExist
DA:1,1
DA:2,1
DA:3,1
DA:4,1
DA:5,3
DA:6,3
DA:7,3
DA:8,3
DA:9,1
DA:10,1
DA:11,46
DA:12,46
DA:13,1
DA:14,1
DA:15,1
LF:15
LH:15
BRDA:1,0,0,1
BRDA:4,1,0,3
BRDA:10,2,0,46
BRF:3
BRH:3
end_of_record
TN:
SF:utils\user.helper.js
FN:6,hashPassword
FN:11,comparePassword
FN:16,generateToken
FN:21,decodeToken
FNF:4
FNH:4
FNDA:3,hashPassword
FNDA:17,comparePassword
FNDA:20,generateToken
FNDA:25,decodeToken
DA:1,1
DA:2,1
DA:3,1
DA:4,1
DA:5,1
DA:6,3
DA:7,3
DA:8,3
DA:9,3
DA:10,1
DA:11,17
DA:12,17
DA:13,17
DA:14,17
DA:15,1
DA:16,20
DA:17,20
DA:18,20
DA:19,20
DA:20,1
DA:21,25
DA:22,25
DA:23,25
DA:24,25
DA:25,1
DA:26,1
LF:26
LH:26
BRDA:1,0,0,1
BRDA:6,1,0,3
BRDA:11,2,0,17
BRDA:16,3,0,20
BRDA:21,4,0,25
BRF:5
BRH:5
end_of_record
TN:
SF:validations\blogValidation\blogSchema.js
FNF:0
FNH:0
DA:1,1
DA:2,1
DA:3,1
DA:4,1
DA:5,1
DA:6,1
DA:7,1
DA:8,1
DA:9,1
DA:10,1
DA:11,1
DA:12,1
DA:13,1
DA:14,1
DA:15,1
DA:16,1
DA:17,1
DA:18,1
LF:18
LH:18
BRDA:1,0,0,1
BRF:1
BRH:1
end_of_record
TN:
SF:validations\blogValidation\blogValidator.js
FN:3,blogValidator
FNF:1
FNH:1
FNDA:12,blogValidator
DA:1,1
DA:2,1
DA:3,1
DA:4,12
DA:5,12
DA:6,1
DA:7,1
DA:8,12
DA:9,11
DA:10,11
DA:11,1
DA:12,1
DA:13,1
LF:13
LH:13
BRDA:1,0,0,1
BRDA:3,1,0,12
BRDA:5,2,0,1
BRDA:8,3,0,11
BRF:4
BRH:4
end_of_record
TN:
SF:validations\commentValidation\commentSchema.js
FNF:0
FNH:0
DA:1,1
DA:2,1
DA:3,1
DA:4,1
DA:5,1
DA:6,1
DA:7,1
DA:8,1
DA:9,1
DA:10,1
DA:11,1
DA:12,1
DA:13,1
DA:14,1
DA:15,1
DA:16,1
DA:17,1
DA:18,1
LF:18
LH:18
BRDA:1,0,0,1
BRF:1
BRH:1
end_of_record
TN:
SF:validations\commentValidation\commentValidator.js
FN:3,commentValidator
FNF:1
FNH:1
FNDA:2,commentValidator
DA:1,1
DA:2,1
DA:3,1
DA:4,2
DA:5,2
DA:6,0
DA:7,0
DA:8,2
DA:9,2
DA:10,2
DA:11,1
DA:12,1
DA:13,1
LF:13
LH:11
BRDA:1,0,0,1
BRDA:3,1,0,2
BRDA:5,2,0,0
BRF:3
BRH:2
end_of_record
TN:
SF:validations\likeValidation\likeSchema.js
FNF:0
FNH:0
DA:1,1
DA:2,1
DA:3,1
DA:4,1
DA:5,1
DA:6,1
DA:7,1
DA:8,1
DA:9,1
DA:10,1
DA:11,1
DA:12,1
DA:13,1
DA:14,1
LF:14
LH:14
BRDA:1,0,0,1
BRF:1
BRH:1
end_of_record
TN:
SF:validations\likeValidation\likeValidator.js
FN:3,likeValidator
FNF:1
FNH:1
FNDA:4,likeValidator
DA:1,1
DA:2,1
DA:3,1
DA:4,4
DA:5,4
DA:6,0
DA:7,0
DA:8,4
DA:9,4
DA:10,4
DA:11,1
DA:12,1
DA:13,1
LF:13
LH:11
BRDA:1,0,0,1
BRDA:3,1,0,4
BRDA:5,2,0,0
BRF:3
BRH:2
end_of_record
TN:
SF:validations\queryValidation\querySchema.js
FNF:0
FNH:0
DA:1,1
DA:2,1
DA:3,1
DA:4,1
DA:5,1
DA:6,1
DA:7,1
DA:8,1
DA:9,1
DA:10,1
DA:11,1
DA:12,1
DA:13,1
DA:14,1
DA:15,1
DA:16,1
DA:17,1
DA:18,1
LF:18
LH:18
BRDA:1,0,0,1
BRF:1
BRH:1
end_of_record
TN:
SF:validations\queryValidation\queryValidator.js
FN:3,queryValidator
FNF:1
FNH:1
FNDA:2,queryValidator
DA:1,1
DA:2,1
DA:3,1
DA:4,2
DA:5,2
DA:6,1
DA:7,1
DA:8,1
DA:9,1
DA:10,1
DA:11,1
DA:12,1
DA:13,1
LF:13
LH:13
BRDA:1,0,0,1
BRDA:3,1,0,2
BRDA:5,2,0,1
BRF:3
BRH:3
end_of_record
TN:
SF:validations\userValidation\userSchema.js
FNF:0
FNH:0
DA:1,1
DA:2,1
DA:3,1
DA:4,1
DA:5,1
DA:6,1
DA:7,1
DA:8,1
DA:9,1
DA:10,1
DA:11,1
DA:12,1
DA:13,1
DA:14,1
DA:15,1
DA:16,1
DA:17,1
DA:18,1
DA:19,1
DA:20,1
DA:21,1
DA:22,1
DA:23,1
DA:24,1
DA:25,1
DA:26,1
DA:27,1
DA:28,1
DA:29,1
DA:30,1
DA:31,1
DA:32,1
DA:33,1
LF:33
LH:33
BRDA:1,0,0,1
BRF:1
BRH:1
end_of_record
TN:
SF:validations\userValidation\userValidator.js
FN:3,userValidator
FN:13,userloginValidator
FNF:2
FNH:2
FNDA:4,userValidator
FNDA:17,userloginValidator
DA:1,1
DA:2,1
DA:3,1
DA:4,4
DA:5,4
DA:6,0
DA:7,0
DA:8,4
DA:9,4
DA:10,4
DA:11,1
DA:12,1
DA:13,1
DA:14,17
DA:15,17
DA:16,17
DA:17,17
DA:18,0
DA:19,0
DA:20,17
DA:21,17
DA:22,17
DA:23,1
DA:24,1
DA:25,1
LF:25
LH:21
BRDA:1,0,0,1
BRDA:3,1,0,4
BRDA:5,2,0,0
BRDA:13,3,0,17
BRDA:17,4,0,0
BRF:5
BRH:3
end_of_record
